#
# A fatal error has been detected by the Java Runtime Environment:
#
#  Internal Error (javaClasses.cpp:124), pid=8728, tid=6160
#  fatal error: Invalid layout of preloaded class
#
# JRE version:  (8.0_05-b13) (build )
# Java VM: Java HotSpot(TM) 64-Bit Server VM (25.5-b02 mixed mode windows-amd64 compressed oops)
# Failed to write core dump. Minidumps are not enabled by default on client versions of Windows
#
# If you would like to submit a bug report, please visit:
#   http://bugreport.sun.com/bugreport/crash.jsp
#

---------------  T H R E A D  ---------------

Current thread (0x000000000022d800):  JavaThread "Unknown thread" [_thread_in_vm, id=6160, stack(0x0000000002650000,0x0000000002750000)]

Stack: [0x0000000002650000,0x0000000002750000]
Native frames: (J=compiled Java code, j=interpreted, Vv=VM code, C=native code)
V  [jvm.dll+0x308dea]
V  [jvm.dll+0x25def1]
V  [jvm.dll+0x25eb0f]
V  [jvm.dll+0x256466]
V  [jvm.dll+0x5d33c]
V  [jvm.dll+0x5d433]
V  [jvm.dll+0x71d2a]
V  [jvm.dll+0x72088]
V  [jvm.dll+0xe1607]
V  [jvm.dll+0xe1996]
V  [jvm.dll+0x1f13e7]
V  [jvm.dll+0x2227c4]
V  [jvm.dll+0x149f71]
C  [javaw.exe+0x208a]
C  [javaw.exe+0xc9db]
C  [javaw.exe+0xca6f]
C  [KERNEL32.dll+0x159ed]
C  [ntdll.dll+0x2c541]


---------------  P R O C E S S  ---------------

Java Threads: ( => current thread )

Other Threads:

=>0x000000000022d800 (exited) JavaThread "Unknown thread" [_thread_in_vm, id=6160, stack(0x0000000002650000,0x0000000002750000)]

VM state:not at safepoint (not fully initialized)

VM Mutex/Monitor currently owned by a thread: None

GC Heap History (0 events):
No events

Deoptimization events (0 events):
No events

Internal exceptions (0 events):
No events

Events (10 events):
Event: 0.026 loading class java/lang/CharSequence done
Event: 0.027 loading class java/lang/String done
Event: 0.027 loading class java/lang/Class
Event: 0.027 loading class java/lang/reflect/AnnotatedElement
Event: 0.027 loading class java/lang/reflect/AnnotatedElement done
Event: 0.027 loading class java/lang/reflect/GenericDeclaration
Event: 0.027 loading class java/lang/reflect/GenericDeclaration done
Event: 0.027 loading class java/lang/reflect/Type
Event: 0.027 loading class java/lang/reflect/Type done
Event: 0.027 loading class java/lang/Class done


Dynamic libraries:
0x000000013fbd0000 - 0x000000013fc04000 	C:\Program Files\Java\jdk1.8.0_05\bin\javaw.exe
0x0000000077620000 - 0x00000000777c9000 	C:\Windows\SYSTEM32\ntdll.dll
0x0000000070000000 - 0x000000007004e000 	C:\Program Files\AVAST Software\Avast\snxhk64.dll
0x0000000077500000 - 0x000000007761f000 	C:\Windows\system32\KERNEL32.dll
0x000007fefd780000 - 0x000007fefd7eb000 	C:\Windows\system32\KERNELBASE.dll
0x000007fefeef0000 - 0x000007fefefcb000 	C:\Windows\system32\ADVAPI32.dll
0x000007fefefd0000 - 0x000007feff06f000 	C:\Windows\system32\msvcrt.dll
0x000007feff700000 - 0x000007feff71f000 	C:\Windows\SYSTEM32\sechost.dll
0x000007feff720000 - 0x000007feff84d000 	C:\Windows\system32\RPCRT4.dll
0x0000000077400000 - 0x00000000774fa000 	C:\Windows\system32\USER32.dll
0x000007fefed10000 - 0x000007fefed77000 	C:\Windows\system32\GDI32.dll
0x000007fefed00000 - 0x000007fefed0e000 	C:\Windows\system32\LPK.dll
0x000007fefee20000 - 0x000007fefeee9000 	C:\Windows\system32\USP10.dll
0x000007fefb9d0000 - 0x000007fefbbc4000 	C:\Windows\WinSxS\amd64_microsoft.windows.common-controls_6595b64144ccf1df_6.0.7601.17514_none_fa396087175ac9ac\COMCTL32.dll
0x000007fefdde0000 - 0x000007fefde51000 	C:\Windows\system32\SHLWAPI.dll
0x000007feff430000 - 0x000007feff45e000 	C:\Windows\system32\IMM32.DLL
0x000007fefebf0000 - 0x000007fefecf9000 	C:\Windows\system32\MSCTF.dll
0x0000000072e30000 - 0x0000000072f02000 	C:\Program Files\Java\jdk1.8.0_05\jre\bin\msvcr100.dll
0x00000000660a0000 - 0x00000000668ca000 	C:\Program Files\Java\jdk1.8.0_05\jre\bin\server\jvm.dll
0x000007fef53e0000 - 0x000007fef53e9000 	C:\Windows\system32\WSOCK32.dll
0x000007fefd830000 - 0x000007fefd87d000 	C:\Windows\system32\WS2_32.dll
0x000007feff460000 - 0x000007feff468000 	C:\Windows\system32\NSI.dll
0x000007fefbec0000 - 0x000007fefbefb000 	C:\Windows\system32\WINMM.dll
0x00000000777e0000 - 0x00000000777e7000 	C:\Windows\system32\PSAPI.DLL
0x0000000074310000 - 0x000000007431f000 	C:\Program Files\Java\jdk1.8.0_05\jre\bin\verify.dll
0x00000000742e0000 - 0x0000000074308000 	C:\Program Files\Java\jdk1.8.0_05\jre\bin\java.dll
0x00000000742c0000 - 0x00000000742d6000 	C:\Program Files\Java\jdk1.8.0_05\jre\bin\zip.dll
0x000007fef8040000 - 0x000007fef8165000 	C:\Windows\system32\dbghelp.dll

VM Arguments:
jvm_args: -Dfile.encoding=Cp1252 -Xbootclasspath:E:\I Like Them\adt-bundle-windows-x86_64-20131030\sdk\platforms\android-18\android.jar 
java_command: edu.vuum.mocca.Main
java_class_path (initial): E:\I Like Them\POSA-MOOC\workspace\W5-A4-Android\libs\android-support-v4.jar;E:\I Like Them\POSA-MOOC\workspace\W5-A4-Android\bin\classes
Launcher Type: SUN_STANDARD

Environment Variables:
PATH=C:/Program Files/Java/jdk1.8.0_05/bin/../jre/bin/server;C:/Program Files/Java/jdk1.8.0_05/bin/../jre/bin;C:/Program Files/Java/jdk1.8.0_05/bin/../jre/lib/amd64;c:\Rtools\bin;c:\Rtools\gcc-4.6.3\bin;C:\Python33\;c:\Strawberry\perl\bin;c:\Strawberry\perl\site\bin;c:\Strawberry\c\bin;C:\Program Files (x86)\sbt\;C:\Program Files\Java\jdk1.8.0_05\bin\;C:\Program Files\Java\jre8\bin\;C:\Program Files\Java\jdk1.8.0_05\bin\;C:\Program Files\Java\jre8\bin\;C:\Program Files (x86)\Nmap;;E:\I Like Them\adt-bundle-windows-x86_64-20131030\eclipse;
USERNAME=Jayant
OS=Windows_NT
PROCESSOR_IDENTIFIER=Intel64 Family 6 Model 58 Stepping 9, GenuineIntel



---------------  S Y S T E M  ---------------

OS: Windows 7 , 64 bit Build 7601 Service Pack 1

CPU:total 4 (2 cores per cpu, 2 threads per core) family 6 model 58 stepping 9, cmov, cx8, fxsr, mmx, sse, sse2, sse3, ssse3, sse4.1, sse4.2, popcnt, avx, aes, clmul, erms, ht, tsc, tscinvbit

Memory: 4k page, physical 4090220k(1042348k free), swap 8178576k(2222108k free)

vm_info: Java HotSpot(TM) 64-Bit Server VM (25.5-b02) for windows-amd64 JRE (1.8.0_05-b13), built on Mar 18 2014 01:08:39 by "java_re" with MS VC++ 10.0 (VS2010)

time: Mon Jun 23 20:48:31 2014
elapsed time: 0 seconds

